Copyright 1986-2018 Xilinx, Inc. All Rights Reserved.
------------------------------------------------------------------------------------
| Tool Version : Vivado v.2018.2 (win64) Build 2258646 Thu Jun 14 20:03:12 MDT 2018
| Date         : Tue Feb 11 19:17:35 2020
| Host         : DESKTOP-5FBN0UR running 64-bit major release  (build 9200)
| Command      : report_control_sets -verbose -file gcd_control_sets_placed.rpt
| Design       : gcd
| Device       : xc7vx690t
------------------------------------------------------------------------------------

Control Set Information

Table of Contents
-----------------
1. Summary
2. Histogram
3. Flip-Flop Distribution
4. Detailed Control Set Information

1. Summary
----------

+----------------------------------------------------------+-------+
|                          Status                          | Count |
+----------------------------------------------------------+-------+
| Number of unique control sets                            |     9 |
| Unused register locations in slices containing registers |     4 |
+----------------------------------------------------------+-------+


2. Histogram
------------

+--------+--------------+
| Fanout | Control Sets |
+--------+--------------+
|      4 |            1 |
|      8 |            1 |
|    16+ |            7 |
+--------+--------------+


3. Flip-Flop Distribution
-------------------------

+--------------+-----------------------+------------------------+-----------------+--------------+
| Clock Enable | Synchronous Set/Reset | Asynchronous Set/Reset | Total Registers | Total Slices |
+--------------+-----------------------+------------------------+-----------------+--------------+
| No           | No                    | No                     |             156 |           33 |
| No           | No                    | Yes                    |               0 |            0 |
| No           | Yes                   | No                     |               0 |            0 |
| Yes          | No                    | No                     |             192 |           33 |
| Yes          | No                    | Yes                    |               0 |            0 |
| Yes          | Yes                   | No                     |              64 |           10 |
+--------------+-----------------------+------------------------+-----------------+--------------+


4. Detailed Control Set Information
-----------------------------------

+---------------------------------------+--------------------------+------------------+------------------+----------------+
|              Clock Signal             |       Enable Signal      | Set/Reset Signal | Slice Load Count | Bel Load Count |
+---------------------------------------+--------------------------+------------------+------------------+----------------+
|  cntrlPath/update_Counter_reg_i_2_n_2 |                          |                  |                1 |              4 |
|  clk_IBUF_BUFG                        |                          |                  |                2 |              8 |
|  cntrlPath/ld_in1_in2_reg_i_2_n_2     |                          |                  |                4 |             16 |
|  n_1_119_BUFG                         |                          |                  |               12 |             64 |
|  n_0_154_BUFG                         |                          |                  |               14 |             64 |
|  clk_IBUF_BUFG                        | cntrlPath/ld_Yr          |                  |               14 |             64 |
|  clk_IBUF_BUFG                        | cntrlPath/ld_Xr          |                  |               14 |             64 |
|  clk_IBUF_BUFG                        | cntrlPath/update_Counter | reset_IBUF       |               10 |             64 |
|  clk_IBUF_BUFG                        | cntrlPath/E[0]           |                  |                5 |             64 |
+---------------------------------------+--------------------------+------------------+------------------+----------------+


