Copyright 1986-2018 Xilinx, Inc. All Rights Reserved.
-----------------------------------------------------------------------------------------------------------------------------------------------
| Tool Version : Vivado v.2018.2 (win64) Build 2258646 Thu Jun 14 20:03:12 MDT 2018
| Date         : Tue Feb 11 19:18:40 2020
| Host         : DESKTOP-5FBN0UR running 64-bit major release  (build 9200)
| Command      : report_methodology -file gcd_methodology_drc_routed.rpt -pb gcd_methodology_drc_routed.pb -rpx gcd_methodology_drc_routed.rpx
| Design       : gcd
| Device       : xc7vx690tffg1157-3
| Speed File   : -3
| Design State : Routed
-----------------------------------------------------------------------------------------------------------------------------------------------

Report Methodology

Table of Contents
-----------------
1. REPORT SUMMARY
2. REPORT DETAILS

1. REPORT SUMMARY
-----------------
            Netlist: netlist
          Floorplan: design_1
      Design limits: <entire design considered>
             Max violations: <unlimited>
             Violations found: 108
+-----------+----------+-------------------------------+------------+
| Rule      | Severity | Description                   | Violations |
+-----------+----------+-------------------------------+------------+
| TIMING-18 | Warning  | Missing input or output delay | 34         |
| TIMING-20 | Warning  | Non-clocked latch             | 74         |
+-----------+----------+-------------------------------+------------+

2. REPORT DETAILS
-----------------
TIMING-18#1 Warning
Missing input or output delay  
An input delay is missing on reset relative to clock(s) clk
Related violations: <none>

TIMING-18#2 Warning
Missing input or output delay  
An output delay is missing on done relative to clock(s) clk
Related violations: <none>

TIMING-18#3 Warning
Missing input or output delay  
An output delay is missing on out[0] relative to clock(s) clk
Related violations: <none>

TIMING-18#4 Warning
Missing input or output delay  
An output delay is missing on out[10] relative to clock(s) clk
Related violations: <none>

TIMING-18#5 Warning
Missing input or output delay  
An output delay is missing on out[11] relative to clock(s) clk
Related violations: <none>

TIMING-18#6 Warning
Missing input or output delay  
An output delay is missing on out[12] relative to clock(s) clk
Related violations: <none>

TIMING-18#7 Warning
Missing input or output delay  
An output delay is missing on out[13] relative to clock(s) clk
Related violations: <none>

TIMING-18#8 Warning
Missing input or output delay  
An output delay is missing on out[14] relative to clock(s) clk
Related violations: <none>

TIMING-18#9 Warning
Missing input or output delay  
An output delay is missing on out[15] relative to clock(s) clk
Related violations: <none>

TIMING-18#10 Warning
Missing input or output delay  
An output delay is missing on out[16] relative to clock(s) clk
Related violations: <none>

TIMING-18#11 Warning
Missing input or output delay  
An output delay is missing on out[17] relative to clock(s) clk
Related violations: <none>

TIMING-18#12 Warning
Missing input or output delay  
An output delay is missing on out[18] relative to clock(s) clk
Related violations: <none>

TIMING-18#13 Warning
Missing input or output delay  
An output delay is missing on out[19] relative to clock(s) clk
Related violations: <none>

TIMING-18#14 Warning
Missing input or output delay  
An output delay is missing on out[1] relative to clock(s) clk
Related violations: <none>

TIMING-18#15 Warning
Missing input or output delay  
An output delay is missing on out[20] relative to clock(s) clk
Related violations: <none>

TIMING-18#16 Warning
Missing input or output delay  
An output delay is missing on out[21] relative to clock(s) clk
Related violations: <none>

TIMING-18#17 Warning
Missing input or output delay  
An output delay is missing on out[22] relative to clock(s) clk
Related violations: <none>

TIMING-18#18 Warning
Missing input or output delay  
An output delay is missing on out[23] relative to clock(s) clk
Related violations: <none>

TIMING-18#19 Warning
Missing input or output delay  
An output delay is missing on out[24] relative to clock(s) clk
Related violations: <none>

TIMING-18#20 Warning
Missing input or output delay  
An output delay is missing on out[25] relative to clock(s) clk
Related violations: <none>

TIMING-18#21 Warning
Missing input or output delay  
An output delay is missing on out[26] relative to clock(s) clk
Related violations: <none>

TIMING-18#22 Warning
Missing input or output delay  
An output delay is missing on out[27] relative to clock(s) clk
Related violations: <none>

TIMING-18#23 Warning
Missing input or output delay  
An output delay is missing on out[28] relative to clock(s) clk
Related violations: <none>

TIMING-18#24 Warning
Missing input or output delay  
An output delay is missing on out[29] relative to clock(s) clk
Related violations: <none>

TIMING-18#25 Warning
Missing input or output delay  
An output delay is missing on out[2] relative to clock(s) clk
Related violations: <none>

TIMING-18#26 Warning
Missing input or output delay  
An output delay is missing on out[30] relative to clock(s) clk
Related violations: <none>

TIMING-18#27 Warning
Missing input or output delay  
An output delay is missing on out[31] relative to clock(s) clk
Related violations: <none>

TIMING-18#28 Warning
Missing input or output delay  
An output delay is missing on out[3] relative to clock(s) clk
Related violations: <none>

TIMING-18#29 Warning
Missing input or output delay  
An output delay is missing on out[4] relative to clock(s) clk
Related violations: <none>

TIMING-18#30 Warning
Missing input or output delay  
An output delay is missing on out[5] relative to clock(s) clk
Related violations: <none>

TIMING-18#31 Warning
Missing input or output delay  
An output delay is missing on out[6] relative to clock(s) clk
Related violations: <none>

TIMING-18#32 Warning
Missing input or output delay  
An output delay is missing on out[7] relative to clock(s) clk
Related violations: <none>

TIMING-18#33 Warning
Missing input or output delay  
An output delay is missing on out[8] relative to clock(s) clk
Related violations: <none>

TIMING-18#34 Warning
Missing input or output delay  
An output delay is missing on out[9] relative to clock(s) clk
Related violations: <none>

TIMING-20#1 Warning
Non-clocked latch  
The latch cntrlPath/incr_dec_reg cannot be properly analyzed as its control pin cntrlPath/incr_dec_reg/G is not reached by a timing clock
Related violations: <none>

TIMING-20#2 Warning
Non-clocked latch  
The latch cntrlPath/lShift_reg cannot be properly analyzed as its control pin cntrlPath/lShift_reg/G is not reached by a timing clock
Related violations: <none>

TIMING-20#3 Warning
Non-clocked latch  
The latch cntrlPath/ld_Xr_aftr_subs_reg cannot be properly analyzed as its control pin cntrlPath/ld_Xr_aftr_subs_reg/G is not reached by a timing clock
Related violations: <none>

TIMING-20#4 Warning
Non-clocked latch  
The latch cntrlPath/ld_Xr_reg cannot be properly analyzed as its control pin cntrlPath/ld_Xr_reg/G is not reached by a timing clock
Related violations: <none>

TIMING-20#5 Warning
Non-clocked latch  
The latch cntrlPath/ld_Yr_aftr_subs_reg cannot be properly analyzed as its control pin cntrlPath/ld_Yr_aftr_subs_reg/G is not reached by a timing clock
Related violations: <none>

TIMING-20#6 Warning
Non-clocked latch  
The latch cntrlPath/ld_Yr_reg cannot be properly analyzed as its control pin cntrlPath/ld_Yr_reg/G is not reached by a timing clock
Related violations: <none>

TIMING-20#7 Warning
Non-clocked latch  
The latch cntrlPath/ld_in1_in2_reg cannot be properly analyzed as its control pin cntrlPath/ld_in1_in2_reg/G is not reached by a timing clock
Related violations: <none>

TIMING-20#8 Warning
Non-clocked latch  
The latch cntrlPath/update_Counter_reg cannot be properly analyzed as its control pin cntrlPath/update_Counter_reg/G is not reached by a timing clock
Related violations: <none>

TIMING-20#9 Warning
Non-clocked latch  
The latch cntrlPath/update_Xr_reg cannot be properly analyzed as its control pin cntrlPath/update_Xr_reg/G is not reached by a timing clock
Related violations: <none>

TIMING-20#10 Warning
Non-clocked latch  
The latch cntrlPath/update_Yr_reg cannot be properly analyzed as its control pin cntrlPath/update_Yr_reg/G is not reached by a timing clock
Related violations: <none>

TIMING-20#11 Warning
Non-clocked latch  
The latch int_mux/out1_reg[0] cannot be properly analyzed as its control pin int_mux/out1_reg[0]/G is not reached by a timing clock
Related violations: <none>

TIMING-20#12 Warning
Non-clocked latch  
The latch int_mux/out1_reg[10] cannot be properly analyzed as its control pin int_mux/out1_reg[10]/G is not reached by a timing clock
Related violations: <none>

TIMING-20#13 Warning
Non-clocked latch  
The latch int_mux/out1_reg[11] cannot be properly analyzed as its control pin int_mux/out1_reg[11]/G is not reached by a timing clock
Related violations: <none>

TIMING-20#14 Warning
Non-clocked latch  
The latch int_mux/out1_reg[12] cannot be properly analyzed as its control pin int_mux/out1_reg[12]/G is not reached by a timing clock
Related violations: <none>

TIMING-20#15 Warning
Non-clocked latch  
The latch int_mux/out1_reg[13] cannot be properly analyzed as its control pin int_mux/out1_reg[13]/G is not reached by a timing clock
Related violations: <none>

TIMING-20#16 Warning
Non-clocked latch  
The latch int_mux/out1_reg[14] cannot be properly analyzed as its control pin int_mux/out1_reg[14]/G is not reached by a timing clock
Related violations: <none>

TIMING-20#17 Warning
Non-clocked latch  
The latch int_mux/out1_reg[15] cannot be properly analyzed as its control pin int_mux/out1_reg[15]/G is not reached by a timing clock
Related violations: <none>

TIMING-20#18 Warning
Non-clocked latch  
The latch int_mux/out1_reg[16] cannot be properly analyzed as its control pin int_mux/out1_reg[16]/G is not reached by a timing clock
Related violations: <none>

TIMING-20#19 Warning
Non-clocked latch  
The latch int_mux/out1_reg[17] cannot be properly analyzed as its control pin int_mux/out1_reg[17]/G is not reached by a timing clock
Related violations: <none>

TIMING-20#20 Warning
Non-clocked latch  
The latch int_mux/out1_reg[18] cannot be properly analyzed as its control pin int_mux/out1_reg[18]/G is not reached by a timing clock
Related violations: <none>

TIMING-20#21 Warning
Non-clocked latch  
The latch int_mux/out1_reg[19] cannot be properly analyzed as its control pin int_mux/out1_reg[19]/G is not reached by a timing clock
Related violations: <none>

TIMING-20#22 Warning
Non-clocked latch  
The latch int_mux/out1_reg[1] cannot be properly analyzed as its control pin int_mux/out1_reg[1]/G is not reached by a timing clock
Related violations: <none>

TIMING-20#23 Warning
Non-clocked latch  
The latch int_mux/out1_reg[20] cannot be properly analyzed as its control pin int_mux/out1_reg[20]/G is not reached by a timing clock
Related violations: <none>

TIMING-20#24 Warning
Non-clocked latch  
The latch int_mux/out1_reg[21] cannot be properly analyzed as its control pin int_mux/out1_reg[21]/G is not reached by a timing clock
Related violations: <none>

TIMING-20#25 Warning
Non-clocked latch  
The latch int_mux/out1_reg[22] cannot be properly analyzed as its control pin int_mux/out1_reg[22]/G is not reached by a timing clock
Related violations: <none>

TIMING-20#26 Warning
Non-clocked latch  
The latch int_mux/out1_reg[23] cannot be properly analyzed as its control pin int_mux/out1_reg[23]/G is not reached by a timing clock
Related violations: <none>

TIMING-20#27 Warning
Non-clocked latch  
The latch int_mux/out1_reg[24] cannot be properly analyzed as its control pin int_mux/out1_reg[24]/G is not reached by a timing clock
Related violations: <none>

TIMING-20#28 Warning
Non-clocked latch  
The latch int_mux/out1_reg[25] cannot be properly analyzed as its control pin int_mux/out1_reg[25]/G is not reached by a timing clock
Related violations: <none>

TIMING-20#29 Warning
Non-clocked latch  
The latch int_mux/out1_reg[26] cannot be properly analyzed as its control pin int_mux/out1_reg[26]/G is not reached by a timing clock
Related violations: <none>

TIMING-20#30 Warning
Non-clocked latch  
The latch int_mux/out1_reg[27] cannot be properly analyzed as its control pin int_mux/out1_reg[27]/G is not reached by a timing clock
Related violations: <none>

TIMING-20#31 Warning
Non-clocked latch  
The latch int_mux/out1_reg[28] cannot be properly analyzed as its control pin int_mux/out1_reg[28]/G is not reached by a timing clock
Related violations: <none>

TIMING-20#32 Warning
Non-clocked latch  
The latch int_mux/out1_reg[29] cannot be properly analyzed as its control pin int_mux/out1_reg[29]/G is not reached by a timing clock
Related violations: <none>

TIMING-20#33 Warning
Non-clocked latch  
The latch int_mux/out1_reg[2] cannot be properly analyzed as its control pin int_mux/out1_reg[2]/G is not reached by a timing clock
Related violations: <none>

TIMING-20#34 Warning
Non-clocked latch  
The latch int_mux/out1_reg[30] cannot be properly analyzed as its control pin int_mux/out1_reg[30]/G is not reached by a timing clock
Related violations: <none>

TIMING-20#35 Warning
Non-clocked latch  
The latch int_mux/out1_reg[31] cannot be properly analyzed as its control pin int_mux/out1_reg[31]/G is not reached by a timing clock
Related violations: <none>

TIMING-20#36 Warning
Non-clocked latch  
The latch int_mux/out1_reg[3] cannot be properly analyzed as its control pin int_mux/out1_reg[3]/G is not reached by a timing clock
Related violations: <none>

TIMING-20#37 Warning
Non-clocked latch  
The latch int_mux/out1_reg[4] cannot be properly analyzed as its control pin int_mux/out1_reg[4]/G is not reached by a timing clock
Related violations: <none>

TIMING-20#38 Warning
Non-clocked latch  
The latch int_mux/out1_reg[5] cannot be properly analyzed as its control pin int_mux/out1_reg[5]/G is not reached by a timing clock
Related violations: <none>

TIMING-20#39 Warning
Non-clocked latch  
The latch int_mux/out1_reg[6] cannot be properly analyzed as its control pin int_mux/out1_reg[6]/G is not reached by a timing clock
Related violations: <none>

TIMING-20#40 Warning
Non-clocked latch  
The latch int_mux/out1_reg[7] cannot be properly analyzed as its control pin int_mux/out1_reg[7]/G is not reached by a timing clock
Related violations: <none>

TIMING-20#41 Warning
Non-clocked latch  
The latch int_mux/out1_reg[8] cannot be properly analyzed as its control pin int_mux/out1_reg[8]/G is not reached by a timing clock
Related violations: <none>

TIMING-20#42 Warning
Non-clocked latch  
The latch int_mux/out1_reg[9] cannot be properly analyzed as its control pin int_mux/out1_reg[9]/G is not reached by a timing clock
Related violations: <none>

TIMING-20#43 Warning
Non-clocked latch  
The latch int_mux/out2_reg[0] cannot be properly analyzed as its control pin int_mux/out2_reg[0]/G is not reached by a timing clock
Related violations: <none>

TIMING-20#44 Warning
Non-clocked latch  
The latch int_mux/out2_reg[10] cannot be properly analyzed as its control pin int_mux/out2_reg[10]/G is not reached by a timing clock
Related violations: <none>

TIMING-20#45 Warning
Non-clocked latch  
The latch int_mux/out2_reg[11] cannot be properly analyzed as its control pin int_mux/out2_reg[11]/G is not reached by a timing clock
Related violations: <none>

TIMING-20#46 Warning
Non-clocked latch  
The latch int_mux/out2_reg[12] cannot be properly analyzed as its control pin int_mux/out2_reg[12]/G is not reached by a timing clock
Related violations: <none>

TIMING-20#47 Warning
Non-clocked latch  
The latch int_mux/out2_reg[13] cannot be properly analyzed as its control pin int_mux/out2_reg[13]/G is not reached by a timing clock
Related violations: <none>

TIMING-20#48 Warning
Non-clocked latch  
The latch int_mux/out2_reg[14] cannot be properly analyzed as its control pin int_mux/out2_reg[14]/G is not reached by a timing clock
Related violations: <none>

TIMING-20#49 Warning
Non-clocked latch  
The latch int_mux/out2_reg[15] cannot be properly analyzed as its control pin int_mux/out2_reg[15]/G is not reached by a timing clock
Related violations: <none>

TIMING-20#50 Warning
Non-clocked latch  
The latch int_mux/out2_reg[16] cannot be properly analyzed as its control pin int_mux/out2_reg[16]/G is not reached by a timing clock
Related violations: <none>

TIMING-20#51 Warning
Non-clocked latch  
The latch int_mux/out2_reg[17] cannot be properly analyzed as its control pin int_mux/out2_reg[17]/G is not reached by a timing clock
Related violations: <none>

TIMING-20#52 Warning
Non-clocked latch  
The latch int_mux/out2_reg[18] cannot be properly analyzed as its control pin int_mux/out2_reg[18]/G is not reached by a timing clock
Related violations: <none>

TIMING-20#53 Warning
Non-clocked latch  
The latch int_mux/out2_reg[19] cannot be properly analyzed as its control pin int_mux/out2_reg[19]/G is not reached by a timing clock
Related violations: <none>

TIMING-20#54 Warning
Non-clocked latch  
The latch int_mux/out2_reg[1] cannot be properly analyzed as its control pin int_mux/out2_reg[1]/G is not reached by a timing clock
Related violations: <none>

TIMING-20#55 Warning
Non-clocked latch  
The latch int_mux/out2_reg[20] cannot be properly analyzed as its control pin int_mux/out2_reg[20]/G is not reached by a timing clock
Related violations: <none>

TIMING-20#56 Warning
Non-clocked latch  
The latch int_mux/out2_reg[21] cannot be properly analyzed as its control pin int_mux/out2_reg[21]/G is not reached by a timing clock
Related violations: <none>

TIMING-20#57 Warning
Non-clocked latch  
The latch int_mux/out2_reg[22] cannot be properly analyzed as its control pin int_mux/out2_reg[22]/G is not reached by a timing clock
Related violations: <none>

TIMING-20#58 Warning
Non-clocked latch  
The latch int_mux/out2_reg[23] cannot be properly analyzed as its control pin int_mux/out2_reg[23]/G is not reached by a timing clock
Related violations: <none>

TIMING-20#59 Warning
Non-clocked latch  
The latch int_mux/out2_reg[24] cannot be properly analyzed as its control pin int_mux/out2_reg[24]/G is not reached by a timing clock
Related violations: <none>

TIMING-20#60 Warning
Non-clocked latch  
The latch int_mux/out2_reg[25] cannot be properly analyzed as its control pin int_mux/out2_reg[25]/G is not reached by a timing clock
Related violations: <none>

TIMING-20#61 Warning
Non-clocked latch  
The latch int_mux/out2_reg[26] cannot be properly analyzed as its control pin int_mux/out2_reg[26]/G is not reached by a timing clock
Related violations: <none>

TIMING-20#62 Warning
Non-clocked latch  
The latch int_mux/out2_reg[27] cannot be properly analyzed as its control pin int_mux/out2_reg[27]/G is not reached by a timing clock
Related violations: <none>

TIMING-20#63 Warning
Non-clocked latch  
The latch int_mux/out2_reg[28] cannot be properly analyzed as its control pin int_mux/out2_reg[28]/G is not reached by a timing clock
Related violations: <none>

TIMING-20#64 Warning
Non-clocked latch  
The latch int_mux/out2_reg[29] cannot be properly analyzed as its control pin int_mux/out2_reg[29]/G is not reached by a timing clock
Related violations: <none>

TIMING-20#65 Warning
Non-clocked latch  
The latch int_mux/out2_reg[2] cannot be properly analyzed as its control pin int_mux/out2_reg[2]/G is not reached by a timing clock
Related violations: <none>

TIMING-20#66 Warning
Non-clocked latch  
The latch int_mux/out2_reg[30] cannot be properly analyzed as its control pin int_mux/out2_reg[30]/G is not reached by a timing clock
Related violations: <none>

TIMING-20#67 Warning
Non-clocked latch  
The latch int_mux/out2_reg[31] cannot be properly analyzed as its control pin int_mux/out2_reg[31]/G is not reached by a timing clock
Related violations: <none>

TIMING-20#68 Warning
Non-clocked latch  
The latch int_mux/out2_reg[3] cannot be properly analyzed as its control pin int_mux/out2_reg[3]/G is not reached by a timing clock
Related violations: <none>

TIMING-20#69 Warning
Non-clocked latch  
The latch int_mux/out2_reg[4] cannot be properly analyzed as its control pin int_mux/out2_reg[4]/G is not reached by a timing clock
Related violations: <none>

TIMING-20#70 Warning
Non-clocked latch  
The latch int_mux/out2_reg[5] cannot be properly analyzed as its control pin int_mux/out2_reg[5]/G is not reached by a timing clock
Related violations: <none>

TIMING-20#71 Warning
Non-clocked latch  
The latch int_mux/out2_reg[6] cannot be properly analyzed as its control pin int_mux/out2_reg[6]/G is not reached by a timing clock
Related violations: <none>

TIMING-20#72 Warning
Non-clocked latch  
The latch int_mux/out2_reg[7] cannot be properly analyzed as its control pin int_mux/out2_reg[7]/G is not reached by a timing clock
Related violations: <none>

TIMING-20#73 Warning
Non-clocked latch  
The latch int_mux/out2_reg[8] cannot be properly analyzed as its control pin int_mux/out2_reg[8]/G is not reached by a timing clock
Related violations: <none>

TIMING-20#74 Warning
Non-clocked latch  
The latch int_mux/out2_reg[9] cannot be properly analyzed as its control pin int_mux/out2_reg[9]/G is not reached by a timing clock
Related violations: <none>


