#-----------------------------------------------------------
# Vivado v2018.3 (64-bit)
# SW Build 2405991 on Thu Dec  6 23:38:27 MST 2018
# IP Build 2404404 on Fri Dec  7 01:43:56 MST 2018
# Start of session at: Wed Nov 23 15:36:04 2022
# Process ID: 1844
# Current directory: F:/TA/2021 Spring/HWSEC/gcd
# Command line: vivado.exe -gui_launcher_event rodinguilauncherevent8436 F:\TA\2021 Spring\HWSEC\gcd\gcd.xpr
# Log file: F:/TA/2021 Spring/HWSEC/gcd/vivado.log
# Journal file: F:/TA/2021 Spring/HWSEC/gcd\vivado.jou
#-----------------------------------------------------------
start_gui
open_project {F:/TA/2021 Spring/HWSEC/gcd/gcd.xpr}
Scanning sources...
Finished scanning sources
INFO: [IP_Flow 19-234] Refreshing IP repositories
INFO: [IP_Flow 19-1704] No user IP repositories specified
INFO: [IP_Flow 19-2313] Loaded Vivado IP repository 'C:/Xilinx/Vivado/2018.3/data/ip'.
open_project: Time (s): cpu = 00:00:34 ; elapsed = 00:00:25 . Memory (MB): peak = 788.590 ; gain = 187.328
update_compile_order -fileset sources_1
exit
INFO: [Common 17-206] Exiting Vivado at Thu Nov 24 00:31:16 2022...
