Release 14.7 - xst P.20131013 (nt64)
Copyright (c) 1995-2013 Xilinx, Inc.  All rights reserved.
--> Parameter TMPDIR set to xst/projnav.tmp


Total REAL time to Xst completion: 0.00 secs
Total CPU time to Xst completion: 0.71 secs
 
--> Parameter xsthdpdir set to xst


Total REAL time to Xst completion: 0.00 secs
Total CPU time to Xst completion: 0.71 secs
 
--> Reading design: K_ALU.prj

TABLE OF CONTENTS
  1) Synthesis Options Summary
  2) HDL Parsing
  3) HDL Elaboration
  4) HDL Synthesis
       4.1) HDL Synthesis Report
  5) Advanced HDL Synthesis
       5.1) Advanced HDL Synthesis Report
  6) Low Level Synthesis
  7) Partition Report
  8) Design Summary
       8.1) Primitive and Black Box Usage
       8.2) Device utilization summary
       8.3) Partition Resource Summary
       8.4) Timing Report
            8.4.1) Clock Information
            8.4.2) Asynchronous Control Signals Information
            8.4.3) Timing Summary
            8.4.4) Timing Details
            8.4.5) Cross Clock Domains Report


=========================================================================
*                      Synthesis Options Summary                        *
=========================================================================
---- Source Parameters
Input File Name                    : "K_ALU.prj"
Ignore Synthesis Constraint File   : NO

---- Target Parameters
Output File Name                   : "K_ALU"
Output Format                      : NGC
Target Device                      : xc7a100t-3-csg324

---- Source Options
Top Module Name                    : K_ALU
Automatic FSM Extraction           : YES
FSM Encoding Algorithm             : Auto
Safe Implementation                : No
FSM Style                          : LUT
RAM Extraction                     : Yes
RAM Style                          : Auto
ROM Extraction                     : Yes
Shift Register Extraction          : YES
ROM Style                          : Auto
Resource Sharing                   : YES
Asynchronous To Synchronous        : NO
Shift Register Minimum Size        : 2
Use DSP Block                      : Auto
Automatic Register Balancing       : No

---- Target Options
LUT Combining                      : Auto
Reduce Control Sets                : Auto
Add IO Buffers                     : YES
Global Maximum Fanout              : 100000
Add Generic Clock Buffer(BUFG)     : 32
Register Duplication               : YES
Optimize Instantiated Primitives   : NO
Use Clock Enable                   : Auto
Use Synchronous Set                : Auto
Use Synchronous Reset              : Auto
Pack IO Registers into IOBs        : Auto
Equivalent register Removal        : YES

---- General Options
Optimization Goal                  : Speed
Optimization Effort                : 1
Power Reduction                    : NO
Keep Hierarchy                     : No
Netlist Hierarchy                  : As_Optimized
RTL Output                         : Yes
Global Optimization                : AllClockNets
Read Cores                         : YES
Write Timing Constraints           : NO
Cross Clock Analysis               : NO
Hierarchy Separator                : /
Bus Delimiter                      : <>
Case Specifier                     : Maintain
Slice Utilization Ratio            : 100
BRAM Utilization Ratio             : 100
DSP48 Utilization Ratio            : 100
Auto BRAM Packing                  : NO
Slice Utilization Ratio Delta      : 5

=========================================================================


=========================================================================
*                          HDL Parsing                                  *
=========================================================================
Analyzing Verilog file "D:\FPGA\ALU\MUX21.v" into library work
Parsing module <MUX21>.
Analyzing Verilog file "D:\FPGA\ALU\FA.v" into library work
Parsing module <FA>.
Analyzing Verilog file "D:\FPGA\ALU\NOT.v" into library work
Parsing module <NOT>.
WARNING:HDLCompiler:248 - "D:\FPGA\ALU\NOT.v" Line 29: Block identifier is required on this block
Analyzing Verilog file "D:\FPGA\ALU\MUX41.v" into library work
Parsing module <MUX41>.
Analyzing Verilog file "D:\FPGA\ALU\ADD.v" into library work
Parsing module <ADD>.
WARNING:HDLCompiler:248 - "D:\FPGA\ALU\ADD.v" Line 33: Block identifier is required on this block
Analyzing Verilog file "D:\FPGA\ALU\MUX81.v" into library work
Parsing module <MUX81>.
Analyzing Verilog file "D:\FPGA\ALU\FA3.v" into library work
Parsing module <FA3>.
Analyzing Verilog file "D:\FPGA\ALU\FA2.v" into library work
Parsing module <FA2>.
Analyzing Verilog file "D:\FPGA\ALU\COMP2.v" into library work
Parsing module <COMP2>.
Analyzing Verilog file "D:\FPGA\ALU\SUB.v" into library work
Parsing module <SUB>.
Analyzing Verilog file "D:\FPGA\ALU\MUX161.v" into library work
Parsing module <MUX161>.
Analyzing Verilog file "D:\FPGA\ALU\HAM8.v" into library work
Parsing module <HAM8>.
Analyzing Verilog file "D:\FPGA\ALU\XOR.v" into library work
Parsing module <XOR>.
WARNING:HDLCompiler:248 - "D:\FPGA\ALU\XOR.v" Line 30: Block identifier is required on this block
Analyzing Verilog file "D:\FPGA\ALU\SELFUNC.v" into library work
Parsing module <SELFUNC>.
WARNING:HDLCompiler:248 - "D:\FPGA\ALU\SELFUNC.v" Line 44: Block identifier is required on this block
Analyzing Verilog file "D:\FPGA\ALU\SELB.v" into library work
Parsing module <SELB>.
Analyzing Verilog file "D:\FPGA\ALU\SELA.v" into library work
Parsing module <SELA>.
Analyzing Verilog file "D:\FPGA\ALU\RTST_A.v" into library work
Parsing module <RTST_A>.
Analyzing Verilog file "D:\FPGA\ALU\RTST.v" into library work
Parsing module <RTST>.
Analyzing Verilog file "D:\FPGA\ALU\OR.v" into library work
Parsing module <OR>.
WARNING:HDLCompiler:248 - "D:\FPGA\ALU\OR.v" Line 30: Block identifier is required on this block
Analyzing Verilog file "D:\FPGA\ALU\MULT.v" into library work
Parsing module <MULT>.
Analyzing Verilog file "D:\FPGA\ALU\LTST.v" into library work
Parsing module <LTST>.
Analyzing Verilog file "D:\FPGA\ALU\INC.v" into library work
Parsing module <INC>.
Analyzing Verilog file "D:\FPGA\ALU\HAM.v" into library work
Parsing module <HAM>.
Analyzing Verilog file "D:\FPGA\ALU\DIV.v" into library work
Parsing module <DIV>.
Analyzing Verilog file "D:\FPGA\ALU\DEC.v" into library work
Parsing module <DEC>.
Analyzing Verilog file "D:\FPGA\ALU\AND.v" into library work
Parsing module <AND>.
WARNING:HDLCompiler:248 - "D:\FPGA\ALU\AND.v" Line 30: Block identifier is required on this block
Analyzing Verilog file "D:\FPGA\ALU\K_ALU.v" into library work
Parsing module <K_ALU>.

=========================================================================
*                            HDL Elaboration                            *
=========================================================================

Elaborating module <K_ALU>.

Elaborating module <ADD(N=6)>.

Elaborating module <FA>.

Elaborating module <SUB(N=6)>.

Elaborating module <COMP2(N=6)>.

Elaborating module <NOT(N=6)>.
WARNING:HDLCompiler:189 - "D:\FPGA\ALU\COMP2.v" Line 29: Size mismatch in connection of port <B>. Formal port size is 6-bit while actual signal size is 32-bit.

Elaborating module <MULT(N=6)>.

Elaborating module <DIV(N=6)>.

Elaborating module <AND(N=6)>.

Elaborating module <OR(N=6)>.

Elaborating module <XOR(N=6)>.

Elaborating module <SELA(N=6)>.

Elaborating module <SELB(N=6)>.

Elaborating module <LTST>.

Elaborating module <MUX81>.

Elaborating module <MUX41>.

Elaborating module <MUX21>.

Elaborating module <RTST>.

Elaborating module <RTST_A>.

Elaborating module <INC(N=6)>.
WARNING:HDLCompiler:189 - "D:\FPGA\ALU\INC.v" Line 27: Size mismatch in connection of port <B>. Formal port size is 6-bit while actual signal size is 32-bit.

Elaborating module <DEC(N=6)>.
WARNING:HDLCompiler:189 - "D:\FPGA\ALU\DEC.v" Line 27: Size mismatch in connection of port <B>. Formal port size is 6-bit while actual signal size is 32-bit.

Elaborating module <HAM>.

Elaborating module <HAM8>.

Elaborating module <FA2>.

Elaborating module <FA3>.

Elaborating module <SELFUNC(N=6)>.

Elaborating module <MUX161>.

=========================================================================
*                           HDL Synthesis                               *
=========================================================================

Synthesizing Unit <K_ALU>.
    Related source file is "D:\FPGA\ALU\K_ALU.v".
        N = 6
    Summary:
	no macro.
Unit <K_ALU> synthesized.

Synthesizing Unit <ADD>.
    Related source file is "D:\FPGA\ALU\ADD.v".
        N = 6
INFO:Xst:3210 - "D:\FPGA\ALU\ADD.v" line 34: Output port <COUT> of the instance <[5].G> is unconnected or connected to loadless signal.
    Summary:
	no macro.
Unit <ADD> synthesized.

Synthesizing Unit <FA>.
    Related source file is "D:\FPGA\ALU\FA.v".
    Summary:
Unit <FA> synthesized.

Synthesizing Unit <SUB>.
    Related source file is "D:\FPGA\ALU\SUB.v".
        N = 6
    Summary:
	no macro.
Unit <SUB> synthesized.

Synthesizing Unit <COMP2>.
    Related source file is "D:\FPGA\ALU\COMP2.v".
        N = 6
    Summary:
	no macro.
Unit <COMP2> synthesized.

Synthesizing Unit <NOT>.
    Related source file is "D:\FPGA\ALU\NOT.v".
        N = 6
    Summary:
	no macro.
Unit <NOT> synthesized.

Synthesizing Unit <MULT>.
    Related source file is "D:\FPGA\ALU\MULT.v".
        N = 6
    Found 6x6-bit multiplier for signal <n0003> created at line 28.
    Summary:
	inferred   1 Multiplier(s).
Unit <MULT> synthesized.

Synthesizing Unit <DIV>.
    Related source file is "D:\FPGA\ALU\DIV.v".
        N = 6
    Summary:
	no macro.
Unit <DIV> synthesized.

Synthesizing Unit <div_6u_6u>.
    Related source file is "".
    Found 12-bit adder for signal <n0186> created at line 0.
    Found 12-bit adder for signal <GND_10_o_b[5]_add_1_OUT> created at line 0.
    Found 11-bit adder for signal <n0190> created at line 0.
    Found 11-bit adder for signal <GND_10_o_b[5]_add_3_OUT> created at line 0.
    Found 10-bit adder for signal <n0194> created at line 0.
    Found 10-bit adder for signal <GND_10_o_b[5]_add_5_OUT> created at line 0.
    Found 9-bit adder for signal <n0198> created at line 0.
    Found 9-bit adder for signal <GND_10_o_b[5]_add_7_OUT> created at line 0.
    Found 8-bit adder for signal <n0202> created at line 0.
    Found 8-bit adder for signal <GND_10_o_b[5]_add_9_OUT> created at line 0.
    Found 7-bit adder for signal <n0206> created at line 0.
    Found 7-bit adder for signal <GND_10_o_b[5]_add_11_OUT> created at line 0.
    Found 12-bit comparator lessequal for signal <BUS_0001> created at line 0
    Found 11-bit comparator lessequal for signal <BUS_0002> created at line 0
    Found 10-bit comparator lessequal for signal <BUS_0003> created at line 0
    Found 9-bit comparator lessequal for signal <BUS_0004> created at line 0
    Found 8-bit comparator lessequal for signal <BUS_0005> created at line 0
    Found 7-bit comparator lessequal for signal <BUS_0006> created at line 0
    Found 6-bit comparator lessequal for signal <BUS_0007> created at line 0
    Summary:
	inferred  12 Adder/Subtractor(s).
	inferred   7 Comparator(s).
	inferred  31 Multiplexer(s).
Unit <div_6u_6u> synthesized.

Synthesizing Unit <AND>.
    Related source file is "D:\FPGA\ALU\AND.v".
        N = 6
    Summary:
	no macro.
Unit <AND> synthesized.

Synthesizing Unit <OR>.
    Related source file is "D:\FPGA\ALU\OR.v".
        N = 6
    Summary:
	no macro.
Unit <OR> synthesized.

Synthesizing Unit <XOR>.
    Related source file is "D:\FPGA\ALU\XOR.v".
        N = 6
    Summary:
Unit <XOR> synthesized.

Synthesizing Unit <SELA>.
    Related source file is "D:\FPGA\ALU\SELA.v".
        N = 6
WARNING:Xst:647 - Input <B> is never used. This port will be preserved and left unconnected if it belongs to a top-level block or it belongs to a sub-block and the hierarchy of this sub-block is preserved.
    Summary:
	no macro.
Unit <SELA> synthesized.

Synthesizing Unit <SELB>.
    Related source file is "D:\FPGA\ALU\SELB.v".
        N = 6
WARNING:Xst:647 - Input <A> is never used. This port will be preserved and left unconnected if it belongs to a top-level block or it belongs to a sub-block and the hierarchy of this sub-block is preserved.
    Summary:
	no macro.
Unit <SELB> synthesized.

Synthesizing Unit <LTST>.
    Related source file is "D:\FPGA\ALU\LTST.v".
    Summary:
	no macro.
Unit <LTST> synthesized.

Synthesizing Unit <MUX81>.
    Related source file is "D:\FPGA\ALU\MUX81.v".
    Summary:
	no macro.
Unit <MUX81> synthesized.

Synthesizing Unit <MUX41>.
    Related source file is "D:\FPGA\ALU\MUX41.v".
    Summary:
	no macro.
Unit <MUX41> synthesized.

Synthesizing Unit <MUX21>.
    Related source file is "D:\FPGA\ALU\MUX21.v".
    Summary:
	no macro.
Unit <MUX21> synthesized.

Synthesizing Unit <RTST>.
    Related source file is "D:\FPGA\ALU\RTST.v".
    Summary:
	no macro.
Unit <RTST> synthesized.

Synthesizing Unit <RTST_A>.
    Related source file is "D:\FPGA\ALU\RTST_A.v".
    Summary:
	no macro.
Unit <RTST_A> synthesized.

Synthesizing Unit <INC>.
    Related source file is "D:\FPGA\ALU\INC.v".
        N = 6
    Summary:
	no macro.
Unit <INC> synthesized.

Synthesizing Unit <DEC>.
    Related source file is "D:\FPGA\ALU\DEC.v".
        N = 6
    Summary:
	no macro.
Unit <DEC> synthesized.

Synthesizing Unit <HAM>.
    Related source file is "D:\FPGA\ALU\HAM.v".
    Summary:
	no macro.
Unit <HAM> synthesized.

Synthesizing Unit <HAM8>.
    Related source file is "D:\FPGA\ALU\HAM8.v".
    Summary:
	no macro.
Unit <HAM8> synthesized.

Synthesizing Unit <FA2>.
    Related source file is "D:\FPGA\ALU\FA2.v".
    Summary:
	no macro.
Unit <FA2> synthesized.

Synthesizing Unit <FA3>.
    Related source file is "D:\FPGA\ALU\FA3.v".
    Summary:
	no macro.
Unit <FA3> synthesized.

Synthesizing Unit <SELFUNC>.
    Related source file is "D:\FPGA\ALU\SELFUNC.v".
        N = 6
    Summary:
	no macro.
Unit <SELFUNC> synthesized.

Synthesizing Unit <MUX161>.
    Related source file is "D:\FPGA\ALU\MUX161.v".
    Summary:
	no macro.
Unit <MUX161> synthesized.

=========================================================================
HDL Synthesis Report

Macro Statistics
# Multipliers                                          : 1
 6x6-bit multiplier                                    : 1
# Adders/Subtractors                                   : 12
 10-bit adder                                          : 2
 11-bit adder                                          : 2
 12-bit adder                                          : 2
 7-bit adder                                           : 2
 8-bit adder                                           : 2
 9-bit adder                                           : 2
# Comparators                                          : 7
 10-bit comparator lessequal                           : 1
 11-bit comparator lessequal                           : 1
 12-bit comparator lessequal                           : 1
 6-bit comparator lessequal                            : 1
 7-bit comparator lessequal                            : 1
 8-bit comparator lessequal                            : 1
 9-bit comparator lessequal                            : 1
# Multiplexers                                         : 31
 1-bit 2-to-1 multiplexer                              : 30
 6-bit 2-to-1 multiplexer                              : 1
# Xors                                                 : 92
 1-bit xor2                                            : 92

=========================================================================

=========================================================================
*                       Advanced HDL Synthesis                          *
=========================================================================

WARNING:Xst:1290 - Hierarchical block <G2> is unconnected in block <G2>.
   It will be removed from the design.
WARNING:Xst:1290 - Hierarchical block <G2> is unconnected in block <G2>.
   It will be removed from the design.
WARNING:Xst:1290 - Hierarchical block <G2> is unconnected in block <m3>.
   It will be removed from the design.
WARNING:Xst:1290 - Hierarchical block <G2> is unconnected in block <m2>.
   It will be removed from the design.
WARNING:Xst:1290 - Hierarchical block <G2> is unconnected in block <G1>.
   It will be removed from the design.
WARNING:Xst:1290 - Hierarchical block <G2> is unconnected in block <m1>.
   It will be removed from the design.
WARNING:Xst:1290 - Hierarchical block <G2> is unconnected in block <G1>.
   It will be removed from the design.
WARNING:Xst:1290 - Hierarchical block <G2> is unconnected in block <m0>.
   It will be removed from the design.
WARNING:Xst:1290 - Hierarchical block <G2> is unconnected in block <G2>.
   It will be removed from the design.
WARNING:Xst:1290 - Hierarchical block <G2> is unconnected in block <G1>.
   It will be removed from the design.
WARNING:Xst:1290 - Hierarchical block <G2> is unconnected in block <m5>.
   It will be removed from the design.
WARNING:Xst:1290 - Hierarchical block <G2> is unconnected in block <G1>.
   It will be removed from the design.
WARNING:Xst:1290 - Hierarchical block <G2> is unconnected in block <m4>.
   It will be removed from the design.
WARNING:Xst:1290 - Hierarchical block <G2> is unconnected in block <m3>.
   It will be removed from the design.
WARNING:Xst:1290 - Hierarchical block <G2> is unconnected in block <m2>.
   It will be removed from the design.
WARNING:Xst:1290 - Hierarchical block <G2> is unconnected in block <G2>.
   It will be removed from the design.

=========================================================================
Advanced HDL Synthesis Report

Macro Statistics
# Multipliers                                          : 1
 6x6-bit multiplier                                    : 1
# Adders/Subtractors                                   : 6
 6-bit adder carry in                                  : 6
# Comparators                                          : 7
 10-bit comparator lessequal                           : 1
 11-bit comparator lessequal                           : 1
 12-bit comparator lessequal                           : 1
 6-bit comparator lessequal                            : 1
 7-bit comparator lessequal                            : 1
 8-bit comparator lessequal                            : 1
 9-bit comparator lessequal                            : 1
# Multiplexers                                         : 31
 1-bit 2-to-1 multiplexer                              : 30
 6-bit 2-to-1 multiplexer                              : 1
# Xors                                                 : 92
 1-bit xor2                                            : 92

=========================================================================

=========================================================================
*                         Low Level Synthesis                           *
=========================================================================

Optimizing unit <K_ALU> ...

Optimizing unit <div_6u_6u> ...

Mapping all equations...
Building and optimizing final netlist ...
Found area constraint ratio of 100 (+ 5) on block K_ALU, actual ratio is 0.

Final Macro Processing ...

=========================================================================
Final Register Report

Found no macro
=========================================================================

=========================================================================
*                           Partition Report                            *
=========================================================================

Partition Implementation Status
-------------------------------

  No Partitions were found in this design.

-------------------------------

=========================================================================
*                            Design Summary                             *
=========================================================================

Top Level Output File Name         : K_ALU.ngc

Primitive and Black Box Usage:
------------------------------
# BELS                             : 160
#      GND                         : 1
#      LUT2                        : 11
#      LUT3                        : 21
#      LUT4                        : 16
#      LUT5                        : 27
#      LUT6                        : 67
#      MUXCY                       : 7
#      MUXF7                       : 1
#      XORCY                       : 9
# IO Buffers                       : 22
#      IBUF                        : 16
#      OBUF                        : 6

Device utilization summary:
---------------------------

Selected Device : 7a100tcsg324-3 


Slice Logic Utilization: 
 Number of Slice LUTs:                  142  out of  63400     0%  
    Number used as Logic:               142  out of  63400     0%  

Slice Logic Distribution: 
 Number of LUT Flip Flop pairs used:    142
   Number with an unused Flip Flop:     142  out of    142   100%  
   Number with an unused LUT:             0  out of    142     0%  
   Number of fully used LUT-FF pairs:     0  out of    142     0%  
   Number of unique control sets:         0

IO Utilization: 
 Number of IOs:                          22
 Number of bonded IOBs:                  22  out of    210    10%  

Specific Feature Utilization:

---------------------------
Partition Resource Summary:
---------------------------

  No Partitions were found in this design.

---------------------------


=========================================================================
Timing Report

NOTE: THESE TIMING NUMBERS ARE ONLY A SYNTHESIS ESTIMATE.
      FOR ACCURATE TIMING INFORMATION PLEASE REFER TO THE TRACE REPORT
      GENERATED AFTER PLACE-and-ROUTE.

Clock Information:
------------------
No clock signals found in this design

Asynchronous Control Signals Information:
----------------------------------------
No asynchronous control signals found in this design

Timing Summary:
---------------
Speed Grade: -3

   Minimum period: No path found
   Minimum input arrival time before clock: No path found
   Maximum output required time after clock: No path found
   Maximum combinational path delay: 9.720ns

Timing Details:
---------------
All values displayed in nanoseconds (ns)

=========================================================================
Timing constraint: Default path analysis
  Total number of paths / destination ports: 4835 / 6
-------------------------------------------------------------------------
Delay:               9.720ns (Levels of Logic = 16)
  Source:            B<3> (PAD)
  Destination:       Z<0> (PAD)

  Data Path: B<3> to Z<0>
                                Gate     Net
    Cell:in->out      fanout   Delay   Delay  Logical Name (Net Name)
    ----------------------------------------  ------------
     IBUF:I->O            26   0.001   0.617  B_3_IBUF (B_3_IBUF)
     LUT3:I0->O            6   0.097   0.706  G3/A[5]_B[5]_div_0/o<5>121 (G3/A[5]_B[5]_div_0/o<5>12)
     LUT6:I1->O            2   0.097   0.561  G3/A[5]_B[5]_div_0/Mmux_a[0]_GND_10_o_MUX_66_o141 (G3/A[5]_B[5]_div_0/a[4]_GND_10_o_MUX_62_o)
     LUT6:I2->O            4   0.097   0.707  G3/A[5]_B[5]_div_0/o<3>11 (F3<3>)
     LUT6:I0->O            2   0.097   0.688  G3/A[5]_B[5]_div_0/Mmux_a[0]_GND_10_o_MUX_84_o141 (G3/A[5]_B[5]_div_0/a[4]_GND_10_o_MUX_80_o)
     LUT6:I1->O            2   0.097   0.384  G3/A[5]_B[5]_div_0/o<2>2 (G3/A[5]_B[5]_div_0/Madd_GND_10_o_b[5]_add_9_OUT_Madd_Madd_cy<4>)
     LUT5:I3->O            5   0.097   0.712  G3/A[5]_B[5]_div_0/o<2>11 (F3<2>)
     LUT6:I0->O            2   0.097   0.688  G3/A[5]_B[5]_div_0/Mmux_a[0]_GND_10_o_MUX_100_o131 (G3/A[5]_B[5]_div_0/a[3]_GND_10_o_MUX_97_o)
     LUT6:I1->O            3   0.097   0.389  G3/A[5]_B[5]_div_0/o<1>1 (G3/A[5]_B[5]_div_0/Madd_GND_10_o_b[5]_add_11_OUT_Madd_Madd_cy<3>)
     LUT6:I4->O            6   0.097   0.716  G3/A[5]_B[5]_div_0/o<1>11 (F3<1>)
     LUT6:I0->O            1   0.097   0.683  G3/A[5]_B[5]_div_0/Mmux_n018031 (G3/A[5]_B[5]_div_0/n0180<2>)
     LUT6:I1->O            1   0.097   0.295  G3/A[5]_B[5]_div_0/o<0>1 (G3/A[5]_B[5]_div_0/o<0>1)
     LUT5:I4->O            1   0.097   0.379  S/[0].M/G3/C13_SW0 (N7)
     LUT6:I4->O            1   0.097   0.556  S/[0].M/G3/C13 (S/[0].M/G3/C12)
     LUT6:I2->O            1   0.097   0.279  S/[0].M/G3/C15 (Z_0_OBUF)
     OBUF:I->O                 0.000          Z_0_OBUF (Z<0>)
    ----------------------------------------
    Total                      9.720ns (1.359ns logic, 8.361ns route)
                                       (14.0% logic, 86.0% route)

=========================================================================

Cross Clock Domains Report:
--------------------------

=========================================================================


Total REAL time to Xst completion: 11.00 secs
Total CPU time to Xst completion: 11.60 secs
 
--> 

Total memory usage is 4616860 kilobytes

Number of errors   :    0 (   0 filtered)
Number of warnings :   27 (   0 filtered)
Number of infos    :    1 (   0 filtered)

